<?xml version="1.0" encoding="utf-8"?>
<TestRun id="8bd777c5-99e7-42ae-938f-39d4100638c3" name="tanne@STH_PC 2025-08-10 16:29:05" runUser="STH_PC\tanne" xmlns="http://microsoft.com/schemas/VisualStudio/TeamTest/2010">
  <Times creation="2025-08-10T16:29:05.2676618-04:00" queuing="2025-08-10T16:29:05.2676622-04:00" start="2025-08-10T16:29:03.5002612-04:00" finish="2025-08-10T16:29:05.5963220-04:00" />
  <TestSettings name="default" id="9f888683-31c1-40ac-806e-f4bb680dadbd">
    <Deployment runDeploymentRoot="tanne_STH_PC_2025-08-10_16_29_05" />
  </TestSettings>
  <Results>
    <UnitTestResult executionId="1fbafa6f-2c5b-4b95-8bf7-0baf76984815" testId="ad5901a3-7493-53ee-0b77-85323492a745" testName="CopilotAgent_TestCategoriesConfigured" computerName="STH_PC" duration="00:00:00.0015448" startTime="2025-08-10T16:29:03.7955834-04:00" endTime="2025-08-10T16:29:03.7971680-04:00" testType="13cdc9d9-ddb5-4fa4-a97d-d965ccfc6d4b" outcome="Passed" testListId="8c84fa94-04c1-424b-9868-57a2d4851a1d" relativeResultsDirectory="1fbafa6f-2c5b-4b95-8bf7-0baf76984815" />
    <UnitTestResult executionId="3fea7996-f326-4999-9d0f-6fd1f47e37d9" testId="a264404e-7a4b-9cfe-9b93-a81d5a9748e5" testName="CopilotAgent_ProjectStructureNavigation" computerName="STH_PC" duration="00:00:00.0003583" startTime="2025-08-10T16:29:03.7951612-04:00" endTime="2025-08-10T16:29:03.7955648-04:00" testType="13cdc9d9-ddb5-4fa4-a97d-d965ccfc6d4b" outcome="Passed" testListId="8c84fa94-04c1-424b-9868-57a2d4851a1d" relativeResultsDirectory="3fea7996-f326-4999-9d0f-6fd1f47e37d9" />
    <UnitTestResult executionId="7f07b788-ceb8-47c0-b5de-07f860dd7c83" testId="d830b47c-0e9e-fdfb-38a2-c946b35a6736" testName="CopilotAgent_VSCodeTestConfiguration" computerName="STH_PC" duration="00:00:00.0004649" startTime="2025-08-10T16:29:03.7944299-04:00" endTime="2025-08-10T16:29:03.7949977-04:00" testType="13cdc9d9-ddb5-4fa4-a97d-d965ccfc6d4b" outcome="Passed" testListId="8c84fa94-04c1-424b-9868-57a2d4851a1d" relativeResultsDirectory="7f07b788-ceb8-47c0-b5de-07f860dd7c83" />
    <UnitTestResult executionId="8985fe8c-3c98-402c-a524-c0cb0aed715c" testId="3e55fd01-97c1-71d6-ae63-b28b053e8116" testName="CopilotAgent_ProjectMetadataAccessible" computerName="STH_PC" duration="00:00:00.0005559" startTime="2025-08-10T16:29:05.5522233-04:00" endTime="2025-08-10T16:29:05.5529458-04:00" testType="13cdc9d9-ddb5-4fa4-a97d-d965ccfc6d4b" outcome="Passed" testListId="8c84fa94-04c1-424b-9868-57a2d4851a1d" relativeResultsDirectory="8985fe8c-3c98-402c-a524-c0cb0aed715c" />
    <UnitTestResult executionId="595131b7-e8b5-4fb0-8f42-4eb64646ad83" testId="aedf6cd0-7886-1fc6-7588-d5a108398989" testName="CopilotAgent_EssentialFilesExist" computerName="STH_PC" duration="00:00:00.0023397" startTime="2025-08-10T16:29:03.7810988-04:00" endTime="2025-08-10T16:29:03.7921956-04:00" testType="13cdc9d9-ddb5-4fa4-a97d-d965ccfc6d4b" outcome="Passed" testListId="8c84fa94-04c1-424b-9868-57a2d4851a1d" relativeResultsDirectory="595131b7-e8b5-4fb0-8f42-4eb64646ad83" />
    <UnitTestResult executionId="b833f157-496b-48da-afbc-c40e0c367c71" testId="bf4fcbc6-4a02-14e4-13e6-c0ec62208226" testName="CopilotAgent_TestDocumentationExists" computerName="STH_PC" duration="00:00:00.0003321" startTime="2025-08-10T16:29:05.5529833-04:00" endTime="2025-08-10T16:29:05.5538204-04:00" testType="13cdc9d9-ddb5-4fa4-a97d-d965ccfc6d4b" outcome="Passed" testListId="8c84fa94-04c1-424b-9868-57a2d4851a1d" relativeResultsDirectory="b833f157-496b-48da-afbc-c40e0c367c71" />
    <UnitTestResult executionId="d951340c-cdb1-4a8a-b00d-c4957066df0f" testId="c27b812a-2820-4591-3f99-e8e8148b66ca" testName="CopilotAgent_TestResultFormats" computerName="STH_PC" duration="00:00:01.7543208" startTime="2025-08-10T16:29:03.7975709-04:00" endTime="2025-08-10T16:29:05.5521056-04:00" testType="13cdc9d9-ddb5-4fa4-a97d-d965ccfc6d4b" outcome="Passed" testListId="8c84fa94-04c1-424b-9868-57a2d4851a1d" relativeResultsDirectory="d951340c-cdb1-4a8a-b00d-c4957066df0f" />
    <UnitTestResult executionId="4209f12b-5390-41a7-be38-3366eaf5f2b5" testId="7a6a1841-0d50-918b-363c-f564b4023e83" testName="CopilotAgent_GitHubActionsConfigured" computerName="STH_PC" duration="00:00:00.0003296" startTime="2025-08-10T16:29:03.7971866-04:00" endTime="2025-08-10T16:29:03.7975533-04:00" testType="13cdc9d9-ddb5-4fa4-a97d-d965ccfc6d4b" outcome="Passed" testListId="8c84fa94-04c1-424b-9868-57a2d4851a1d" relativeResultsDirectory="4209f12b-5390-41a7-be38-3366eaf5f2b5" />
  </Results>
  <TestDefinitions>
    <UnitTest name="CopilotAgent_ProjectMetadataAccessible" storage="c:\users\tanne\documents\github\c-simple\src\csimple.tests\bin\release\net8.0-windows10.0.19041.0\csimple.tests.dll" id="3e55fd01-97c1-71d6-ae63-b28b053e8116">
      <TestCategory>
        <TestCategoryItem TestCategory="CopilotAgent" />
      </TestCategory>
      <Execution id="8985fe8c-3c98-402c-a524-c0cb0aed715c" />
      <TestMethod codeBase="C:\Users\tanne\Documents\Github\C-Simple\src\CSimple.Tests\bin\Release\net8.0-windows10.0.19041.0\CSimple.Tests.dll" adapterTypeName="executor://mstestadapter/v2" className="CSimple.Tests.CopilotAgent.CopilotAgentTests" name="CopilotAgent_ProjectMetadataAccessible" />
    </UnitTest>
    <UnitTest name="CopilotAgent_TestCategoriesConfigured" storage="c:\users\tanne\documents\github\c-simple\src\csimple.tests\bin\release\net8.0-windows10.0.19041.0\csimple.tests.dll" id="ad5901a3-7493-53ee-0b77-85323492a745">
      <TestCategory>
        <TestCategoryItem TestCategory="CopilotAgent" />
      </TestCategory>
      <Execution id="1fbafa6f-2c5b-4b95-8bf7-0baf76984815" />
      <TestMethod codeBase="C:\Users\tanne\Documents\Github\C-Simple\src\CSimple.Tests\bin\Release\net8.0-windows10.0.19041.0\CSimple.Tests.dll" adapterTypeName="executor://mstestadapter/v2" className="CSimple.Tests.CopilotAgent.CopilotAgentTests" name="CopilotAgent_TestCategoriesConfigured" />
    </UnitTest>
    <UnitTest name="CopilotAgent_TestDocumentationExists" storage="c:\users\tanne\documents\github\c-simple\src\csimple.tests\bin\release\net8.0-windows10.0.19041.0\csimple.tests.dll" id="bf4fcbc6-4a02-14e4-13e6-c0ec62208226">
      <TestCategory>
        <TestCategoryItem TestCategory="CopilotAgent" />
      </TestCategory>
      <Execution id="b833f157-496b-48da-afbc-c40e0c367c71" />
      <TestMethod codeBase="C:\Users\tanne\Documents\Github\C-Simple\src\CSimple.Tests\bin\Release\net8.0-windows10.0.19041.0\CSimple.Tests.dll" adapterTypeName="executor://mstestadapter/v2" className="CSimple.Tests.CopilotAgent.CopilotAgentTests" name="CopilotAgent_TestDocumentationExists" />
    </UnitTest>
    <UnitTest name="CopilotAgent_VSCodeTestConfiguration" storage="c:\users\tanne\documents\github\c-simple\src\csimple.tests\bin\release\net8.0-windows10.0.19041.0\csimple.tests.dll" id="d830b47c-0e9e-fdfb-38a2-c946b35a6736">
      <TestCategory>
        <TestCategoryItem TestCategory="CopilotAgent" />
      </TestCategory>
      <Execution id="7f07b788-ceb8-47c0-b5de-07f860dd7c83" />
      <TestMethod codeBase="C:\Users\tanne\Documents\Github\C-Simple\src\CSimple.Tests\bin\Release\net8.0-windows10.0.19041.0\CSimple.Tests.dll" adapterTypeName="executor://mstestadapter/v2" className="CSimple.Tests.CopilotAgent.CopilotAgentTests" name="CopilotAgent_VSCodeTestConfiguration" />
    </UnitTest>
    <UnitTest name="CopilotAgent_ProjectStructureNavigation" storage="c:\users\tanne\documents\github\c-simple\src\csimple.tests\bin\release\net8.0-windows10.0.19041.0\csimple.tests.dll" id="a264404e-7a4b-9cfe-9b93-a81d5a9748e5">
      <TestCategory>
        <TestCategoryItem TestCategory="CopilotAgent" />
      </TestCategory>
      <Execution id="3fea7996-f326-4999-9d0f-6fd1f47e37d9" />
      <TestMethod codeBase="C:\Users\tanne\Documents\Github\C-Simple\src\CSimple.Tests\bin\Release\net8.0-windows10.0.19041.0\CSimple.Tests.dll" adapterTypeName="executor://mstestadapter/v2" className="CSimple.Tests.CopilotAgent.CopilotAgentTests" name="CopilotAgent_ProjectStructureNavigation" />
    </UnitTest>
    <UnitTest name="CopilotAgent_TestResultFormats" storage="c:\users\tanne\documents\github\c-simple\src\csimple.tests\bin\release\net8.0-windows10.0.19041.0\csimple.tests.dll" id="c27b812a-2820-4591-3f99-e8e8148b66ca">
      <TestCategory>
        <TestCategoryItem TestCategory="CopilotAgent" />
      </TestCategory>
      <Execution id="d951340c-cdb1-4a8a-b00d-c4957066df0f" />
      <TestMethod codeBase="C:\Users\tanne\Documents\Github\C-Simple\src\CSimple.Tests\bin\Release\net8.0-windows10.0.19041.0\CSimple.Tests.dll" adapterTypeName="executor://mstestadapter/v2" className="CSimple.Tests.CopilotAgent.CopilotAgentTests" name="CopilotAgent_TestResultFormats" />
    </UnitTest>
    <UnitTest name="CopilotAgent_EssentialFilesExist" storage="c:\users\tanne\documents\github\c-simple\src\csimple.tests\bin\release\net8.0-windows10.0.19041.0\csimple.tests.dll" id="aedf6cd0-7886-1fc6-7588-d5a108398989">
      <TestCategory>
        <TestCategoryItem TestCategory="CopilotAgent" />
      </TestCategory>
      <Execution id="595131b7-e8b5-4fb0-8f42-4eb64646ad83" />
      <TestMethod codeBase="C:\Users\tanne\Documents\Github\C-Simple\src\CSimple.Tests\bin\Release\net8.0-windows10.0.19041.0\CSimple.Tests.dll" adapterTypeName="executor://mstestadapter/v2" className="CSimple.Tests.CopilotAgent.CopilotAgentTests" name="CopilotAgent_EssentialFilesExist" />
    </UnitTest>
    <UnitTest name="CopilotAgent_GitHubActionsConfigured" storage="c:\users\tanne\documents\github\c-simple\src\csimple.tests\bin\release\net8.0-windows10.0.19041.0\csimple.tests.dll" id="7a6a1841-0d50-918b-363c-f564b4023e83">
      <TestCategory>
        <TestCategoryItem TestCategory="CopilotAgent" />
      </TestCategory>
      <Execution id="4209f12b-5390-41a7-be38-3366eaf5f2b5" />
      <TestMethod codeBase="C:\Users\tanne\Documents\Github\C-Simple\src\CSimple.Tests\bin\Release\net8.0-windows10.0.19041.0\CSimple.Tests.dll" adapterTypeName="executor://mstestadapter/v2" className="CSimple.Tests.CopilotAgent.CopilotAgentTests" name="CopilotAgent_GitHubActionsConfigured" />
    </UnitTest>
  </TestDefinitions>
  <TestEntries>
    <TestEntry testId="ad5901a3-7493-53ee-0b77-85323492a745" executionId="1fbafa6f-2c5b-4b95-8bf7-0baf76984815" testListId="8c84fa94-04c1-424b-9868-57a2d4851a1d" />
    <TestEntry testId="a264404e-7a4b-9cfe-9b93-a81d5a9748e5" executionId="3fea7996-f326-4999-9d0f-6fd1f47e37d9" testListId="8c84fa94-04c1-424b-9868-57a2d4851a1d" />
    <TestEntry testId="d830b47c-0e9e-fdfb-38a2-c946b35a6736" executionId="7f07b788-ceb8-47c0-b5de-07f860dd7c83" testListId="8c84fa94-04c1-424b-9868-57a2d4851a1d" />
    <TestEntry testId="3e55fd01-97c1-71d6-ae63-b28b053e8116" executionId="8985fe8c-3c98-402c-a524-c0cb0aed715c" testListId="8c84fa94-04c1-424b-9868-57a2d4851a1d" />
    <TestEntry testId="aedf6cd0-7886-1fc6-7588-d5a108398989" executionId="595131b7-e8b5-4fb0-8f42-4eb64646ad83" testListId="8c84fa94-04c1-424b-9868-57a2d4851a1d" />
    <TestEntry testId="bf4fcbc6-4a02-14e4-13e6-c0ec62208226" executionId="b833f157-496b-48da-afbc-c40e0c367c71" testListId="8c84fa94-04c1-424b-9868-57a2d4851a1d" />
    <TestEntry testId="c27b812a-2820-4591-3f99-e8e8148b66ca" executionId="d951340c-cdb1-4a8a-b00d-c4957066df0f" testListId="8c84fa94-04c1-424b-9868-57a2d4851a1d" />
    <TestEntry testId="7a6a1841-0d50-918b-363c-f564b4023e83" executionId="4209f12b-5390-41a7-be38-3366eaf5f2b5" testListId="8c84fa94-04c1-424b-9868-57a2d4851a1d" />
  </TestEntries>
  <TestLists>
    <TestList name="Results Not in a List" id="8c84fa94-04c1-424b-9868-57a2d4851a1d" />
    <TestList name="All Loaded Results" id="19431567-8539-422a-85d7-44ee4e166bda" />
  </TestLists>
  <ResultSummary outcome="Completed">
    <Counters total="8" executed="8" passed="8" failed="0" error="0" timeout="0" aborted="0" inconclusive="0" passedButRunAborted="0" notRunnable="0" notExecuted="0" disconnected="0" warning="0" completed="0" inProgress="0" pending="0" />
  </ResultSummary>
</TestRun>